[orch] batch/20260503T045512: starting batch planning
[orch] batch/20260503T045512: created orch branch (orchBranch=orch/cyan-20260503T045512 baseBranch=taskplane)
[orch] state/20260503T045512: persisted: batch-start (phase=executing waveIndex=-1)
[orch] batch/20260503T045512: Runtime V2 backend selected
[orch] state/20260503T045512: persisted: wave-index-change (phase=executing waveIndex=0)
[orch] wave/W1: starting wave execution (tasks=1 policy=skip-dependents batchId=20260503T045512)
[orch] state/20260503T045512: persisted: segment-start (phase=executing waveIndex=0)
[orch] wave/W1: lanes allocated (laneCount=1 totalTasks=1)
[orch] wave/W1: using Runtime V2 backend (executeLaneV2)
[orch] lane-1/LANE: starting Runtime V2 execution of 1 task(s) (worktree=/home/cyan/dev/github.com/chenxin-yan/crust/.worktrees/cyan-20260503T045512/lane-1 agentPrefix=orch-cyan)
[orch] monitor/ALL: starting monitoring for 1 lane(s), 1 task(s) (pollIntervalMs=5000 stallTimeoutMin=60)
(node:995550) [DEP0190] DeprecationWarning: Passing args to a child process with shell option true can lead to security vulnerabilities, as the arguments are not escaped, only concatenated.
(Use `node --trace-deprecation ...` to show where the warning was created)
[orch] state/20260503T045512: persisted: task-transition (phase=executing waveIndex=0)
[orch] monitor/ALL: poll #1: 0/1 done, 0 failed, 1 active lane(s)
[orch] lane-1/TP-016: committed task artifacts to lane branch (commit=[task/cyan-lane-1-20260503T045512 556f7f5] checkpoint: TP-016 task artifacts (.DONE, STATUS.md))
[orch] state/20260503T045512: persisted: task-transition (phase=executing waveIndex=0)
[orch] monitor/ALL: poll #439: 1/1 done, 0 failed, 0 active lane(s)
[orch] monitor/ALL: all lanes terminal — monitoring complete (done=1 failed=0 total=1 polls=439)
[orch] wave/W1: wave execution complete: succeeded (succeeded=1 failed=0 skipped=0 blocked=0 elapsed=2191s stoppedEarly=false)
[orch] state/20260503T045512: persisted: wave-execution-complete (phase=executing waveIndex=0)
[orch] state/20260503T045512: persisted: merge-start (phase=merging waveIndex=0)
[orch] merge-health/monitor: merge health monitor started (sessionCount=0 pollIntervalMs=120000)
[orch] merge/W1: merging across 1 repo group(s) (repos=(default) totalLanes=1)
[orch] merge/W1: merging 1 lane(s) (order=fewest-files-first lanes=1 skippedArtifactLanes=undefined)
[orch] merge/W1: merge worktree created (worktree=/home/cyan/dev/github.com/chenxin-yan/crust/.worktrees/cyan-20260503T045512/merge tempBranch=_merge-temp-cyan-20260503T045512)
[orch] merge/orch-cyan-merge-1: starting merge for lane 1 (sourceBranch=task/cyan-lane-1-20260503T045512 targetBranch=orch/cyan-20260503T045512 baseHEAD=2ae353e5 laneHEAD=556f7f56)
[orch] merge/orch-cyan-merge-1: spawning merge agent via Runtime V2 (direct agent-host) (mergeWorkDir=/home/cyan/dev/github.com/chenxin-yan/crust/.worktrees/cyan-20260503T045512/merge mergeRequestPath=/home/cyan/dev/github.com/chenxin-yan/crust/.pi/merge-request-w1-lane1-cyan-20260503T045512.txt)
[orch] merge/orch-cyan-merge-1: waiting for merge result (resultPath=/home/cyan/dev/github.com/chenxin-yan/crust/.pi/merge-result-w1-lane1-cyan-20260503T045512.json timeoutMs=900000 backend=v2)
[orch] merge/orch-cyan-merge-1: merge agent exited (V2) (exitCode=143 durationMs=900040 costUsd=0.8251975000000001 killed=true)
[orch] merge/orch-cyan-merge-1: merge timeout — killing agent (elapsed=900929 timeoutMs=900000)
[orch] merge/orch-cyan-merge-1: retry 1/2 after timeout — respawning merge agent (newTimeoutMs=1800000 newTimeoutMin=30 attempt=1)
[orch] merge/orch-cyan-merge-1: spawning merge agent via Runtime V2 (direct agent-host) (mergeWorkDir=/home/cyan/dev/github.com/chenxin-yan/crust/.worktrees/cyan-20260503T045512/merge mergeRequestPath=/home/cyan/dev/github.com/chenxin-yan/crust/.pi/merge-request-w1-lane1-cyan-20260503T045512.txt)
[orch] merge/orch-cyan-merge-1: waiting for merge result (resultPath=/home/cyan/dev/github.com/chenxin-yan/crust/.pi/merge-result-w1-lane1-cyan-20260503T045512.json timeoutMs=1800000 backend=v2)
[orch] merge/orch-cyan-merge-1: merge result received (status=SUCCESS elapsed=56029)
[orch] merge/orch-cyan-merge-1: merge succeeded (mergeCommit=69039ad3 duration=957s)
[orch] merge/W1: transaction record persisted (file=txn-b20260503T045512-repo-default-wave-1-lane-1.json status=committed)
[orch] merge/W1: no task artifacts to stage (0 of 16 candidates present/changed, 15 preserved from lane merge)
[orch] merge/W1: updated orch/cyan-20260503T045512 ref to merge result (targetBranch=orch/cyan-20260503T045512 commit=2ae353e5)
[orch] merge/orch-cyan-merge-1: merge agent exited (V2) (exitCode=143 durationMs=56622 costUsd=0.4578962500000001 killed=true)
[orch] merge/W1: wave merge complete: succeeded (mergedLanes=1 failedLane=0 duration=958s)
[orch] merge-health/monitor: merge health monitor stopped (sessionCount=0)
[orch] state/20260503T045512: persisted: merge-complete (phase=merging waveIndex=0)
[orch] state/20260503T045512: persisted: merge-complete (phase=executing waveIndex=0)
[orch] batch/history: saved batch summary (6 entries)
[orch] batch/20260503T045512: cleaned up 1 sidecar file(s)
[orch] batch/20260503T045512: cleaning up worktrees
[orch] batch/20260503T045512: preserving unmerged branch as saved ref (branch=task/cyan-lane-1-20260503T045512 savedBranch=saved/task/cyan-lane-1-20260503T045512 lane=1 target=orch/cyan-20260503T045512 commitCount=11 repoId=(default))
[orch] batch/20260503T045512: worktree cleanup: 1 removed, 1 preserved (repoId=(default))
[orch] batch/20260503T045512: warning: branch task/cyan-lane-1-20260503T045512 not fully merged into orch/cyan-20260503T045512 — retained (repoId=(default))
[orch] state/20260503T045512: persisted: batch-terminal (phase=completed waveIndex=0)
[orch] diagnostics/20260503T045512: emitted diagnostic reports (jsonl=/home/cyan/dev/github.com/chenxin-yan/crust/.pi/diagnostics/cyan-20260503T045512-events.jsonl report=/home/cyan/dev/github.com/chenxin-yan/crust/.pi/diagnostics/cyan-20260503T045512-report.md taskCount=1)
[orch] state/20260503T045512: state file preserved for /orch-integrate (orchBranch=orch/cyan-20260503T045512)
