[orch] batch/20260503T032608: starting batch planning
[orch] batch/20260503T032608: created orch branch (orchBranch=orch/cyan-20260503T032608 baseBranch=taskplane)
[orch] state/20260503T032608: persisted: batch-start (phase=executing waveIndex=-1)
[orch] batch/20260503T032608: Runtime V2 backend selected
[orch] state/20260503T032608: persisted: wave-index-change (phase=executing waveIndex=0)
[orch] wave/W1: starting wave execution (tasks=1 policy=skip-dependents batchId=20260503T032608)
[orch] state/20260503T032608: persisted: segment-start (phase=executing waveIndex=0)
[orch] wave/W1: lanes allocated (laneCount=1 totalTasks=1)
[orch] wave/W1: using Runtime V2 backend (executeLaneV2)
[orch] lane-1/LANE: starting Runtime V2 execution of 1 task(s) (worktree=/home/cyan/dev/github.com/chenxin-yan/crust/.worktrees/cyan-20260503T032608/lane-1 agentPrefix=orch-cyan)
[orch] monitor/ALL: starting monitoring for 1 lane(s), 1 task(s) (pollIntervalMs=5000 stallTimeoutMin=60)
(node:934402) [DEP0190] DeprecationWarning: Passing args to a child process with shell option true can lead to security vulnerabilities, as the arguments are not escaped, only concatenated.
(Use `node --trace-deprecation ...` to show where the warning was created)
[orch] state/20260503T032608: persisted: task-transition (phase=executing waveIndex=0)
[orch] monitor/ALL: poll #1: 0/1 done, 0 failed, 1 active lane(s)
[orch] lane-1/TP-008: committed task artifacts to lane branch (commit=[task/cyan-lane-1-20260503T032608 789281e] checkpoint: TP-008 task artifacts (.DONE, STATUS.md))
[orch] state/20260503T032608: persisted: task-transition (phase=executing waveIndex=0)
[orch] monitor/ALL: poll #124: 1/1 done, 0 failed, 0 active lane(s)
[orch] monitor/ALL: all lanes terminal — monitoring complete (done=1 failed=0 total=1 polls=124)
[orch] wave/W1: wave execution complete: succeeded (succeeded=1 failed=0 skipped=0 blocked=0 elapsed=615s stoppedEarly=false)
[orch] state/20260503T032608: persisted: wave-execution-complete (phase=executing waveIndex=0)
[orch] state/20260503T032608: persisted: merge-start (phase=merging waveIndex=0)
[orch] merge-health/monitor: merge health monitor started (sessionCount=0 pollIntervalMs=120000)
[orch] merge/W1: merging across 1 repo group(s) (repos=(default) totalLanes=1)
[orch] merge/W1: merging 1 lane(s) (order=fewest-files-first lanes=1 skippedArtifactLanes=undefined)
[orch] merge/W1: merge worktree created (worktree=/home/cyan/dev/github.com/chenxin-yan/crust/.worktrees/cyan-20260503T032608/merge tempBranch=_merge-temp-cyan-20260503T032608)
[orch] merge/orch-cyan-merge-1: starting merge for lane 1 (sourceBranch=task/cyan-lane-1-20260503T032608 targetBranch=orch/cyan-20260503T032608 baseHEAD=67e36a82 laneHEAD=789281eb)
[orch] merge/orch-cyan-merge-1: spawning merge agent via Runtime V2 (direct agent-host) (mergeWorkDir=/home/cyan/dev/github.com/chenxin-yan/crust/.worktrees/cyan-20260503T032608/merge mergeRequestPath=/home/cyan/dev/github.com/chenxin-yan/crust/.pi/merge-request-w1-lane1-cyan-20260503T032608.txt)
[orch] merge/orch-cyan-merge-1: waiting for merge result (resultPath=/home/cyan/dev/github.com/chenxin-yan/crust/.pi/merge-result-w1-lane1-cyan-20260503T032608.json timeoutMs=900000 backend=v2)
[orch] merge/orch-cyan-merge-1: merge result received (status=SUCCESS elapsed=50025)
[orch] merge/orch-cyan-merge-1: merge succeeded (mergeCommit=58a68b3a duration=50s)
[orch] merge/W1: transaction record persisted (file=txn-b20260503T032608-repo-default-wave-1-lane-1.json status=committed)
[orch] merge/W1: no task artifacts to stage (0 of 6 candidates present/changed, 5 preserved from lane merge)
[orch] merge/W1: updated orch/cyan-20260503T032608 ref to merge result (targetBranch=orch/cyan-20260503T032608 commit=58a68b3a)
[orch] merge/orch-cyan-merge-1: merge agent exited (V2) (exitCode=143 durationMs=50517 costUsd=0.40815974999999993 killed=true)
[orch] merge/W1: wave merge complete: succeeded (mergedLanes=1 failedLane=0 duration=51s)
[orch] merge-health/monitor: merge health monitor stopped (sessionCount=0)
[orch] state/20260503T032608: persisted: merge-complete (phase=merging waveIndex=0)
[orch] state/20260503T032608: persisted: merge-complete (phase=executing waveIndex=0)
[orch] batch/history: saved batch summary (5 entries)
[orch] batch/20260503T032608: cleaned up 1 sidecar file(s)
[orch] batch/20260503T032608: cleaning up worktrees
[orch] batch/20260503T032608: worktree cleanup: 1 removed, 0 preserved (repoId=(default))
[orch] batch/20260503T032608: warning: branch task/cyan-lane-1-20260503T032608 not fully merged into orch/cyan-20260503T032608 — retained (repoId=(default))
[orch] state/20260503T032608: persisted: batch-terminal (phase=completed waveIndex=0)
[orch] diagnostics/20260503T032608: emitted diagnostic reports (jsonl=/home/cyan/dev/github.com/chenxin-yan/crust/.pi/diagnostics/cyan-20260503T032608-events.jsonl report=/home/cyan/dev/github.com/chenxin-yan/crust/.pi/diagnostics/cyan-20260503T032608-report.md taskCount=1)
[orch] state/20260503T032608: state file preserved for /orch-integrate (orchBranch=orch/cyan-20260503T032608)
